Unity Editor version:    2020.3.27f1 (e759542391ea)
Branch:                  2020.3/release
Build type:              Release
Batch mode:              YES
macOS version:           Version 11.7 (Build 20G817)
Darwin version:          20.6.0
Architecture:            x86_64
Running under Rosetta:   NO
Available memory:        16384 MB
Using pre-set license
Pro License: NO

COMMAND LINE ARGUMENTS:
/Applications/2020.3.27f1/Unity.app/Contents/MacOS/Unity
-adb2
-batchMode
-noUpm
-name
AssetImportWorker0
-projectPath
/Users/game112/My project (1)
-logFile
Logs/AssetImportWorker0.log
-srvPort
52660
Successfully changed project path to: /Users/game112/My project (1)
Could not lock editor preferences. Preferences updates for this instance of Unity will not be saved./Users/game112/My project (1)
Using Asset Import Pipeline V2.
Refreshing native plugins compatible for Editor in 39.94 ms, found 3 plugins.
Preloading 0 native plugins for Editor in 0.00 ms.
Initialize engine version: 2020.3.27f1 (e759542391ea)
[Subsystems] Discovering subsystems at path /Applications/2020.3.27f1/Unity.app/Contents/Resources/UnitySubsystems
[Subsystems] Discovering subsystems at path /Users/game112/My project (1)/Assets
GfxDevice: creating device client; threaded=0
2024-11-21 08:59:10.091 Unity[7828:368256] iMac preferred device: AMD Radeon Pro 5500 XT (high power)
2024-11-21 08:59:10.091 Unity[7828:368256] Metal devices available: 1
2024-11-21 08:59:10.091 Unity[7828:368256] 0: AMD Radeon Pro 5500 XT (high power)
2024-11-21 08:59:10.091 Unity[7828:368256] Using device AMD Radeon Pro 5500 XT (high power)
Initializing Metal device caps: AMD Radeon Pro 5500 XT
Initialize mono
Mono path[0] = '/Applications/2020.3.27f1/Unity.app/Contents/Managed'
Mono path[1] = '/Applications/2020.3.27f1/Unity.app/Contents/MonoBleedingEdge/lib/mono/unityjit'
Mono config path = '/Applications/2020.3.27f1/Unity.app/Contents/MonoBleedingEdge/etc'
Using monoOptions --debugger-agent=transport=dt_socket,embedding=1,server=y,suspend=n,address=127.0.0.1:56828
Begin MonoManager ReloadAssembly
Registering precompiled unity dll's ...
Register platform support module: /Applications/2020.3.27f1/Unity.app/Contents/PlaybackEngines/MacStandaloneSupport/UnityEditor.OSXStandalone.Extensions.dll
Registered in 0.000461 seconds.
Native extension for OSXStandalone target not found
Refreshing native plugins compatible for Editor in 40.34 ms, found 3 plugins.
Preloading 0 native plugins for Editor in 0.00 ms.
Mono: successfully reloaded assembly
- Completed reload, in  0.525 seconds
Domain Reload Profiling:
	ReloadAssembly (526ms)
		BeginReloadAssembly (38ms)
			ExecutionOrderSort (0ms)
			DisableScriptedObjects (0ms)
			BackupInstance (0ms)
			ReleaseScriptingObjects (0ms)
			CreateAndSetChildDomain (1ms)
		EndReloadAssembly (424ms)
			LoadAssemblies (37ms)
			RebuildTransferFunctionScriptingTraits (0ms)
			SetupTypeCache (155ms)
			ReleaseScriptCaches (0ms)
			RebuildScriptCaches (33ms)
			SetupLoadedEditorAssemblies (164ms)
				LogAssemblyErrors (0ms)
				InitializePlatformSupportModulesInManaged (4ms)
				SetLoadedEditorAssemblies (0ms)
				RefreshPlugins (40ms)
				BeforeProcessingInitializeOnLoad (7ms)
				ProcessInitializeOnLoadAttributes (88ms)
				ProcessInitializeOnLoadMethodAttributes (25ms)
				AfterProcessingInitializeOnLoad (0ms)
				EditorAssembliesLoaded (0ms)
			ExecutionOrderSort2 (0ms)
			AwakeInstancesAfterBackupRestoration (0ms)
Platform modules already initialized, skipping
Registering precompiled user dll's ...
Registered in 0.001896 seconds.
Begin MonoManager ReloadAssembly
Native extension for OSXStandalone target not found
Refreshing native plugins compatible for Editor in 40.56 ms, found 3 plugins.
Preloading 0 native plugins for Editor in 0.00 ms.
Mono: successfully reloaded assembly
- Completed reload, in  1.107 seconds
Domain Reload Profiling:
	ReloadAssembly (1108ms)
		BeginReloadAssembly (137ms)
			ExecutionOrderSort (0ms)
			DisableScriptedObjects (4ms)
			BackupInstance (0ms)
			ReleaseScriptingObjects (0ms)
			CreateAndSetChildDomain (26ms)
		EndReloadAssembly (914ms)
			LoadAssemblies (99ms)
			RebuildTransferFunctionScriptingTraits (0ms)
			SetupTypeCache (319ms)
			ReleaseScriptCaches (0ms)
			RebuildScriptCaches (51ms)
			SetupLoadedEditorAssemblies (333ms)
				LogAssemblyErrors (0ms)
				InitializePlatformSupportModulesInManaged (3ms)
				SetLoadedEditorAssemblies (0ms)
				RefreshPlugins (41ms)
				BeforeProcessingInitializeOnLoad (53ms)
				ProcessInitializeOnLoadAttributes (222ms)
				ProcessInitializeOnLoadMethodAttributes (14ms)
				AfterProcessingInitializeOnLoad (1ms)
				EditorAssembliesLoaded (0ms)
			ExecutionOrderSort2 (0ms)
			AwakeInstancesAfterBackupRestoration (5ms)
Platform modules already initialized, skipping
Validating Project structure ... 0.002262 seconds.
Shader import version has changed; will reimport all shaders...
Upgrading shader files ...0.003076 seconds.
Application.AssetDatabase Initial Script Refresh Start
RefreshInfo: InitialScriptRefreshV2(NoUpdateAssetOptions) scanfilter:  ... 1 filters
RefreshProfiler: Total: 0.000ms
Application.AssetDatabase Initial Script Refresh End
Application.AssetDatabase.Refresh Start
Application.AssetDatabase.Refresh End
RefreshInfo: StopAssetImportingV2(ForceSynchronousImport) scanfilter: 
RefreshProfiler: Total: 0.000ms
Launching external process: /Applications/2020.3.27f1/Unity.app/Contents/Tools/UnityShaderCompiler
Launched and connected shader compiler UnityShaderCompiler after 0.01 seconds
Initializing Unity extensions:
========================================================================
Worker process is ready to serve import requests
Refreshing native plugins compatible for Editor in 0.27 ms, found 3 plugins.
Preloading 0 native plugins for Editor in 0.00 ms.
Unloading 2537 Unused Serialized files (Serialized files now loaded: 0)
System memory in use before: 229.5 MB.
System memory in use after: 228.7 MB.

Unloading 122 unused Assets to reduce memory usage. Loaded Objects now: 3004.
Total: 3.167124 ms (FindLiveObjects: 0.163011 ms CreateObjectMapping: 0.094261 ms MarkObjects: 2.496747 ms  DeleteObjects: 0.412294 ms)

AssetImportParameters requested are different than current active one (requested -> active):
  custom:video-decoder-ogg-theora: a1e56fd34408186e4bbccfd4996cb3dc -> 
  custom:container-muxer-webm: aa71ff27fc2769a1b78a27578f13a17b -> 
  custom:container-demuxer-webm: 4f35f7cbe854078d1ac9338744f61a02 -> 
  custom:container-demuxer-ogg: 62fdf1f143b41e24485cea50d1cbac27 -> 
  custom:video-encoder-webm-vp8: eb34c28f22e8b96e1ab97ce403110664 -> 
  custom:framework-osx-AVFoundation: e770b220cccbd017edd2c1fefb359320 -> 
  custom:video-decoder-webm-vp8: 9c59270c3fd7afecdb556c50c9e8de78 -> 
  custom:audio-decoder-ogg-vorbis: bf7c407c2cedff20999df2af8eb42d56 -> 
  custom:audio-encoder-webm-vorbis: bf7c407c2cedff20999df2af8eb42d56 -> 
========================================================================
Received Import Request.
  path: Assets/UnityTechnologies/StarterAsset/Art/Ruby/Environment/FloorGrassToBricksCorner.png
  artifactKey: Guid(34ba951628518014d93ca783945dfeba) Importer(815301076,1909f56bfc062723c751e8b465ee728b)
Start importing Assets/UnityTechnologies/StarterAsset/Art/Ruby/Environment/FloorGrassToBricksCorner.png using Guid(34ba951628518014d93ca783945dfeba) Importer(815301076,1909f56bfc062723c751e8b465ee728b)  -> (artifact id: '23b73d23cbdbb8fb566594899ba76b46') in 0.757353 seconds 
  Import took 0.763062 seconds .

========================================================================
Received Import Request.
  Time since last request: 812.441917 seconds.
  path: Assets/UnityTechnologies/StarterAsset/Art/Ruby/Environment/FloorBricksToGrassSquare.png
  artifactKey: Guid(5ed0280225a38474e883bd7b555ce14d) Importer(815301076,1909f56bfc062723c751e8b465ee728b)
Start importing Assets/UnityTechnologies/StarterAsset/Art/Ruby/Environment/FloorBricksToGrassSquare.png using Guid(5ed0280225a38474e883bd7b555ce14d) Importer(815301076,1909f56bfc062723c751e8b465ee728b)  -> (artifact id: 'cc86f3c74bf6115ea85231526c5b1138') in 0.007817 seconds 
  Import took 0.011011 seconds .

========================================================================
Received Import Request.
  Time since last request: 12.050105 seconds.
  path: Assets/UnityTechnologies/StarterAsset/Art/Ruby/Environment/FloorBricksToGrassSquare.png
  artifactKey: Guid(5ed0280225a38474e883bd7b555ce14d) Importer(815301076,1909f56bfc062723c751e8b465ee728b)
Start importing Assets/UnityTechnologies/StarterAsset/Art/Ruby/Environment/FloorBricksToGrassSquare.png using Guid(5ed0280225a38474e883bd7b555ce14d) Importer(815301076,1909f56bfc062723c751e8b465ee728b)  -> (artifact id: 'd4b012a2f2ca1462e8e6077d980fe1ae') in 0.038303 seconds 
  Import took 0.041502 seconds .

========================================================================
Received Import Request.
  Time since last request: 136.812263 seconds.
  path: Assets/UnityTechnologies/StarterAsset/Art/Ruby/Environment/FloorGrassToBricksCorner.png
  artifactKey: Guid(34ba951628518014d93ca783945dfeba) Importer(815301076,1909f56bfc062723c751e8b465ee728b)
Start importing Assets/UnityTechnologies/StarterAsset/Art/Ruby/Environment/FloorGrassToBricksCorner.png using Guid(34ba951628518014d93ca783945dfeba) Importer(815301076,1909f56bfc062723c751e8b465ee728b)  -> (artifact id: '3d38b99feb0ae0b7a21f7ddb8ff295da') in 0.025991 seconds 
  Import took 0.029931 seconds .

========================================================================
Received Import Request.
  Time since last request: 61.641726 seconds.
  path: Assets/UnityTechnologies/StarterAsset/Art/Ruby/Environment/FloorGrassToBricksSquare.png
  artifactKey: Guid(38637004000bfc04a8db17caf23bb4c3) Importer(815301076,1909f56bfc062723c751e8b465ee728b)
Start importing Assets/UnityTechnologies/StarterAsset/Art/Ruby/Environment/FloorGrassToBricksSquare.png using Guid(38637004000bfc04a8db17caf23bb4c3) Importer(815301076,1909f56bfc062723c751e8b465ee728b)  -> (artifact id: 'c82b68553b19a768cb862dfe55b7d48d') in 0.007067 seconds 
  Import took 0.010355 seconds .

========================================================================
Received Import Request.
  Time since last request: 33.037753 seconds.
  path: Assets/UnityTechnologies/StarterAsset/Art/Ruby/Environment/FloorGrassToBricksSquare.png
  artifactKey: Guid(38637004000bfc04a8db17caf23bb4c3) Importer(815301076,1909f56bfc062723c751e8b465ee728b)
Start importing Assets/UnityTechnologies/StarterAsset/Art/Ruby/Environment/FloorGrassToBricksSquare.png using Guid(38637004000bfc04a8db17caf23bb4c3) Importer(815301076,1909f56bfc062723c751e8b465ee728b)  -> (artifact id: 'd7b1b6591d15de2f949be261bdfb4a0a') in 0.024910 seconds 
  Import took 0.028393 seconds .

========================================================================
Received Import Request.
  Time since last request: 20.062815 seconds.
  path: Assets/UnityTechnologies/StarterAsset/Art/Ruby/Environment/FloorWaterRoundCorners.png
  artifactKey: Guid(cc24645db54e3d14f9b419c8fb8165cb) Importer(815301076,1909f56bfc062723c751e8b465ee728b)
Start importing Assets/UnityTechnologies/StarterAsset/Art/Ruby/Environment/FloorWaterRoundCorners.png using Guid(cc24645db54e3d14f9b419c8fb8165cb) Importer(815301076,1909f56bfc062723c751e8b465ee728b)  -> (artifact id: 'caf558c1624386f2588c6c16cf4504a3') in 0.007299 seconds 
  Import took 0.010595 seconds .

========================================================================
Received Import Request.
  Time since last request: 7.224834 seconds.
  path: Assets/UnityTechnologies/StarterAsset/Art/Ruby/Environment/FloorWaterRoundCorners.png
  artifactKey: Guid(cc24645db54e3d14f9b419c8fb8165cb) Importer(815301076,1909f56bfc062723c751e8b465ee728b)
Start importing Assets/UnityTechnologies/StarterAsset/Art/Ruby/Environment/FloorWaterRoundCorners.png using Guid(cc24645db54e3d14f9b419c8fb8165cb) Importer(815301076,1909f56bfc062723c751e8b465ee728b)  -> (artifact id: '9f6744142face5d4798ccb2578be620d') in 0.025112 seconds 
  Import took 0.028268 seconds .

========================================================================
Received Import Request.
  Time since last request: 22.191426 seconds.
  path: Assets/UnityTechnologies/StarterAsset/Art/Ruby/Environment/FloorWaterSquareCorners.png
  artifactKey: Guid(a9b33d83ba376fc40aee1910beb42ba6) Importer(815301076,1909f56bfc062723c751e8b465ee728b)
Start importing Assets/UnityTechnologies/StarterAsset/Art/Ruby/Environment/FloorWaterSquareCorners.png using Guid(a9b33d83ba376fc40aee1910beb42ba6) Importer(815301076,1909f56bfc062723c751e8b465ee728b)  -> (artifact id: '3efc7f7fca4455167f7f8a97d95a2870') in 0.006763 seconds 
  Import took 0.009811 seconds .

========================================================================
Received Import Request.
  Time since last request: 5.778667 seconds.
  path: Assets/UnityTechnologies/StarterAsset/Art/Ruby/Environment/FloorWaterSquareCorners.png
  artifactKey: Guid(a9b33d83ba376fc40aee1910beb42ba6) Importer(815301076,1909f56bfc062723c751e8b465ee728b)
Start importing Assets/UnityTechnologies/StarterAsset/Art/Ruby/Environment/FloorWaterSquareCorners.png using Guid(a9b33d83ba376fc40aee1910beb42ba6) Importer(815301076,1909f56bfc062723c751e8b465ee728b)  -> (artifact id: 'a4cd9adf72daf8fa7d51263eed647895') in 0.026233 seconds 
  Import took 0.029403 seconds .

AssetImportWorkerClient::OnTransportError - code=2 error=End of file
