Unity Editor version:    2020.3.27f1 (e759542391ea)
Branch:                  2020.3/release
Build type:              Release
Batch mode:              YES
macOS version:           Version 11.7 (Build 20G817)
Darwin version:          20.6.0
Architecture:            x86_64
Running under Rosetta:   NO
Available memory:        16384 MB
Using pre-set license
Pro License: NO

COMMAND LINE ARGUMENTS:
/Applications/2020.3.27f1/Unity.app/Contents/MacOS/Unity
-adb2
-batchMode
-noUpm
-name
AssetImportWorker0
-projectPath
/Users/game112/My project (1)
-logFile
Logs/AssetImportWorker0.log
-srvPort
55594
Successfully changed project path to: /Users/game112/My project (1)
Could not lock editor preferences. Preferences updates for this instance of Unity will not be saved./Users/game112/My project (1)
Using Asset Import Pipeline V2.
Refreshing native plugins compatible for Editor in 45.49 ms, found 3 plugins.
Preloading 0 native plugins for Editor in 0.00 ms.
Initialize engine version: 2020.3.27f1 (e759542391ea)
[Subsystems] Discovering subsystems at path /Applications/2020.3.27f1/Unity.app/Contents/Resources/UnitySubsystems
[Subsystems] Discovering subsystems at path /Users/game112/My project (1)/Assets
GfxDevice: creating device client; threaded=0
2024-11-22 09:06:30.806 Unity[17890:918381] iMac preferred device: AMD Radeon Pro 5500 XT (high power)
2024-11-22 09:06:30.806 Unity[17890:918381] Metal devices available: 1
2024-11-22 09:06:30.807 Unity[17890:918381] 0: AMD Radeon Pro 5500 XT (high power)
2024-11-22 09:06:30.807 Unity[17890:918381] Using device AMD Radeon Pro 5500 XT (high power)
Initializing Metal device caps: AMD Radeon Pro 5500 XT
Initialize mono
Mono path[0] = '/Applications/2020.3.27f1/Unity.app/Contents/Managed'
Mono path[1] = '/Applications/2020.3.27f1/Unity.app/Contents/MonoBleedingEdge/lib/mono/unityjit'
Mono config path = '/Applications/2020.3.27f1/Unity.app/Contents/MonoBleedingEdge/etc'
Using monoOptions --debugger-agent=transport=dt_socket,embedding=1,server=y,suspend=n,address=127.0.0.1:56890
Begin MonoManager ReloadAssembly
Registering precompiled unity dll's ...
Register platform support module: /Applications/2020.3.27f1/Unity.app/Contents/PlaybackEngines/MacStandaloneSupport/UnityEditor.OSXStandalone.Extensions.dll
Registered in 0.000468 seconds.
Native extension for OSXStandalone target not found
Refreshing native plugins compatible for Editor in 40.64 ms, found 3 plugins.
Preloading 0 native plugins for Editor in 0.00 ms.
Mono: successfully reloaded assembly
- Completed reload, in  0.524 seconds
Domain Reload Profiling:
	ReloadAssembly (524ms)
		BeginReloadAssembly (37ms)
			ExecutionOrderSort (0ms)
			DisableScriptedObjects (0ms)
			BackupInstance (0ms)
			ReleaseScriptingObjects (0ms)
			CreateAndSetChildDomain (1ms)
		EndReloadAssembly (423ms)
			LoadAssemblies (36ms)
			RebuildTransferFunctionScriptingTraits (0ms)
			SetupTypeCache (153ms)
			ReleaseScriptCaches (0ms)
			RebuildScriptCaches (33ms)
			SetupLoadedEditorAssemblies (165ms)
				LogAssemblyErrors (0ms)
				InitializePlatformSupportModulesInManaged (4ms)
				SetLoadedEditorAssemblies (0ms)
				RefreshPlugins (41ms)
				BeforeProcessingInitializeOnLoad (7ms)
				ProcessInitializeOnLoadAttributes (88ms)
				ProcessInitializeOnLoadMethodAttributes (25ms)
				AfterProcessingInitializeOnLoad (0ms)
				EditorAssembliesLoaded (0ms)
			ExecutionOrderSort2 (0ms)
			AwakeInstancesAfterBackupRestoration (0ms)
Platform modules already initialized, skipping
Registering precompiled user dll's ...
Registered in 0.003837 seconds.
Begin MonoManager ReloadAssembly
Native extension for OSXStandalone target not found
Refreshing native plugins compatible for Editor in 40.80 ms, found 3 plugins.
Preloading 0 native plugins for Editor in 0.00 ms.
Mono: successfully reloaded assembly
- Completed reload, in  1.087 seconds
Domain Reload Profiling:
	ReloadAssembly (1088ms)
		BeginReloadAssembly (130ms)
			ExecutionOrderSort (0ms)
			DisableScriptedObjects (4ms)
			BackupInstance (0ms)
			ReleaseScriptingObjects (0ms)
			CreateAndSetChildDomain (24ms)
		EndReloadAssembly (903ms)
			LoadAssemblies (91ms)
			RebuildTransferFunctionScriptingTraits (0ms)
			SetupTypeCache (319ms)
			ReleaseScriptCaches (0ms)
			RebuildScriptCaches (50ms)
			SetupLoadedEditorAssemblies (333ms)
				LogAssemblyErrors (0ms)
				InitializePlatformSupportModulesInManaged (3ms)
				SetLoadedEditorAssemblies (0ms)
				RefreshPlugins (41ms)
				BeforeProcessingInitializeOnLoad (53ms)
				ProcessInitializeOnLoadAttributes (220ms)
				ProcessInitializeOnLoadMethodAttributes (14ms)
				AfterProcessingInitializeOnLoad (1ms)
				EditorAssembliesLoaded (0ms)
			ExecutionOrderSort2 (0ms)
			AwakeInstancesAfterBackupRestoration (6ms)
Platform modules already initialized, skipping
Validating Project structure ... 0.002775 seconds.
Shader import version has changed; will reimport all shaders...
Upgrading shader files ...0.003214 seconds.
Application.AssetDatabase Initial Script Refresh Start
RefreshInfo: InitialScriptRefreshV2(NoUpdateAssetOptions) scanfilter:  ... 1 filters
RefreshProfiler: Total: 0.000ms
Application.AssetDatabase Initial Script Refresh End
Application.AssetDatabase.Refresh Start
Application.AssetDatabase.Refresh End
RefreshInfo: StopAssetImportingV2(ForceSynchronousImport) scanfilter: 
RefreshProfiler: Total: 0.000ms
Launching external process: /Applications/2020.3.27f1/Unity.app/Contents/Tools/UnityShaderCompiler
Launched and connected shader compiler UnityShaderCompiler after 0.01 seconds
Initializing Unity extensions:
========================================================================
Worker process is ready to serve import requests
Refreshing native plugins compatible for Editor in 0.28 ms, found 3 plugins.
Preloading 0 native plugins for Editor in 0.00 ms.
Unloading 2537 Unused Serialized files (Serialized files now loaded: 0)
System memory in use before: 229.6 MB.
System memory in use after: 228.7 MB.

Unloading 122 unused Assets to reduce memory usage. Loaded Objects now: 3004.
Total: 3.001760 ms (FindLiveObjects: 0.165600 ms CreateObjectMapping: 0.093054 ms MarkObjects: 2.320276 ms  DeleteObjects: 0.422188 ms)

AssetImportParameters requested are different than current active one (requested -> active):
  custom:video-decoder-ogg-theora: a1e56fd34408186e4bbccfd4996cb3dc -> 
  custom:container-muxer-webm: aa71ff27fc2769a1b78a27578f13a17b -> 
  custom:container-demuxer-webm: 4f35f7cbe854078d1ac9338744f61a02 -> 
  custom:container-demuxer-ogg: 62fdf1f143b41e24485cea50d1cbac27 -> 
  custom:video-encoder-webm-vp8: eb34c28f22e8b96e1ab97ce403110664 -> 
  custom:framework-osx-AVFoundation: e770b220cccbd017edd2c1fefb359320 -> 
  custom:video-decoder-webm-vp8: 9c59270c3fd7afecdb556c50c9e8de78 -> 
  custom:audio-decoder-ogg-vorbis: bf7c407c2cedff20999df2af8eb42d56 -> 
  custom:audio-encoder-webm-vorbis: bf7c407c2cedff20999df2af8eb42d56 -> 
========================================================================
Received Import Request.
  path: Assets/UnityTechnologies/StarterAsset/Art/Ruby/Characters/NonPlayerCharacterSheet.png
  artifactKey: Guid(255841382d607e24a8317d9ab167f414) Importer(815301076,1909f56bfc062723c751e8b465ee728b)
Start importing Assets/UnityTechnologies/StarterAsset/Art/Ruby/Characters/NonPlayerCharacterSheet.png using Guid(255841382d607e24a8317d9ab167f414) Importer(815301076,1909f56bfc062723c751e8b465ee728b)  -> (artifact id: '20c2dfe58dd5fd962fa30fcb5a7ac506') in 0.797342 seconds 
  Import took 0.802709 seconds .

========================================================================
Received Import Request.
  Time since last request: 0.000235 seconds.
  path: Assets/UnityTechnologies/StarterAsset/Art/Ruby/Characters/PlayerCharacterSheet.png
  artifactKey: Guid(c1dbff5bcb29cdd4bbb8de3a29f2328c) Importer(815301076,1909f56bfc062723c751e8b465ee728b)
Start importing Assets/UnityTechnologies/StarterAsset/Art/Ruby/Characters/PlayerCharacterSheet.png using Guid(c1dbff5bcb29cdd4bbb8de3a29f2328c) Importer(815301076,1909f56bfc062723c751e8b465ee728b)  -> (artifact id: 'b4b62331d87146c053e654929bf9d772') in 0.077031 seconds 
  Import took 0.080115 seconds .

========================================================================
Received Import Request.
  Time since last request: 0.000153 seconds.
  path: Assets/UnityTechnologies/StarterAsset/Art/Ruby/Characters/Enemy.png
  artifactKey: Guid(b0ac58a254361ce469cab127f982a84d) Importer(815301076,1909f56bfc062723c751e8b465ee728b)
Start importing Assets/UnityTechnologies/StarterAsset/Art/Ruby/Characters/Enemy.png using Guid(b0ac58a254361ce469cab127f982a84d) Importer(815301076,1909f56bfc062723c751e8b465ee728b)  -> (artifact id: 'd069d09ad7abd906d4d1fbb7f8bed9a8') in 0.010650 seconds 
  Import took 0.013426 seconds .

========================================================================
Received Import Request.
  Time since last request: 0.000136 seconds.
  path: Assets/UnityTechnologies/StarterAsset/Art/Ruby/Characters/EnemySheet.png
  artifactKey: Guid(651c4abeb0812e74685da0e5a31c8dff) Importer(815301076,1909f56bfc062723c751e8b465ee728b)
Start importing Assets/UnityTechnologies/StarterAsset/Art/Ruby/Characters/EnemySheet.png using Guid(651c4abeb0812e74685da0e5a31c8dff) Importer(815301076,1909f56bfc062723c751e8b465ee728b)  -> (artifact id: 'fd131910e2bfed8830d134d5ba146cb2') in 0.062038 seconds 
  Import took 0.064790 seconds .

========================================================================
Received Import Request.
  Time since last request: 6.441909 seconds.
  path: Assets/UnityTechnologies/StarterAsset/Art/Ruby/Environment/Decoration_1.png
  artifactKey: Guid(309df7df2fe03b04d98802b4a08ba3ad) Importer(815301076,1909f56bfc062723c751e8b465ee728b)
Start importing Assets/UnityTechnologies/StarterAsset/Art/Ruby/Environment/Decoration_1.png using Guid(309df7df2fe03b04d98802b4a08ba3ad) Importer(815301076,1909f56bfc062723c751e8b465ee728b)  -> (artifact id: '2b503850fb22e4716b25205de38f21c2') in 0.009427 seconds 
  Import took 0.013117 seconds .

========================================================================
Received Import Request.
  Time since last request: 5.971082 seconds.
  path: Assets/UnityTechnologies/StarterAsset/Art/Ruby/Environment/Decoration_2.png
  artifactKey: Guid(034d65232fb8b5241b650312e9a7fa08) Importer(815301076,1909f56bfc062723c751e8b465ee728b)
Start importing Assets/UnityTechnologies/StarterAsset/Art/Ruby/Environment/Decoration_2.png using Guid(034d65232fb8b5241b650312e9a7fa08) Importer(815301076,1909f56bfc062723c751e8b465ee728b)  -> (artifact id: '7433934f375b4ed5a37d609b54e36324') in 0.011344 seconds 
  Import took 0.014695 seconds .

========================================================================
Received Import Request.
  Time since last request: 27.383048 seconds.
  path: Assets/UnityTechnologies/StarterAsset/Art/Ruby/Environment/Decoration_3.png
  artifactKey: Guid(01543425772a77a4b8569a9ae349125e) Importer(815301076,1909f56bfc062723c751e8b465ee728b)
Start importing Assets/UnityTechnologies/StarterAsset/Art/Ruby/Environment/Decoration_3.png using Guid(01543425772a77a4b8569a9ae349125e) Importer(815301076,1909f56bfc062723c751e8b465ee728b)  -> (artifact id: 'ae6e43231e7fb6fe7c805674af7aab3d') in 0.007421 seconds 
  Import took 0.010674 seconds .

========================================================================
Received Import Request.
  Time since last request: 0.000143 seconds.
  path: Assets/UnityTechnologies/StarterAsset/Art/Ruby/Environment/Decoration_10.png
  artifactKey: Guid(10035adbf6e6eb840b51db1978b16978) Importer(815301076,1909f56bfc062723c751e8b465ee728b)
Start importing Assets/UnityTechnologies/StarterAsset/Art/Ruby/Environment/Decoration_10.png using Guid(10035adbf6e6eb840b51db1978b16978) Importer(815301076,1909f56bfc062723c751e8b465ee728b)  -> (artifact id: 'd8ef30468ce71733b75fee01dbb752e4') in 0.010960 seconds 
  Import took 0.013767 seconds .

========================================================================
Received Import Request.
  Time since last request: 0.000142 seconds.
  path: Assets/UnityTechnologies/StarterAsset/Art/Ruby/Environment/Decoration_5.png
  artifactKey: Guid(64c70ff58d2cf0348973e199dbad56b7) Importer(815301076,1909f56bfc062723c751e8b465ee728b)
Start importing Assets/UnityTechnologies/StarterAsset/Art/Ruby/Environment/Decoration_5.png using Guid(64c70ff58d2cf0348973e199dbad56b7) Importer(815301076,1909f56bfc062723c751e8b465ee728b)  -> (artifact id: 'e5bcd37de2602097b5eb08df47cbc223') in 0.009222 seconds 
  Import took 0.012210 seconds .

========================================================================
Received Import Request.
  Time since last request: 0.000141 seconds.
  path: Assets/UnityTechnologies/StarterAsset/Art/Ruby/Environment/Decoration_4.png
  artifactKey: Guid(3b62fdd4cb522794fb439883fc91fbb1) Importer(815301076,1909f56bfc062723c751e8b465ee728b)
Start importing Assets/UnityTechnologies/StarterAsset/Art/Ruby/Environment/Decoration_4.png using Guid(3b62fdd4cb522794fb439883fc91fbb1) Importer(815301076,1909f56bfc062723c751e8b465ee728b)  -> (artifact id: 'b6c8d635475e86bc24384e986eabeac3') in 0.009910 seconds 
  Import took 0.012692 seconds .

========================================================================
Received Import Request.
  Time since last request: 0.000144 seconds.
  path: Assets/UnityTechnologies/StarterAsset/Art/Ruby/Environment/Decoration_8.png
  artifactKey: Guid(929380bc01f54634d97b7ebc6531f54c) Importer(815301076,1909f56bfc062723c751e8b465ee728b)
Start importing Assets/UnityTechnologies/StarterAsset/Art/Ruby/Environment/Decoration_8.png using Guid(929380bc01f54634d97b7ebc6531f54c) Importer(815301076,1909f56bfc062723c751e8b465ee728b)  -> (artifact id: 'd7ca23efaba8a0f8cff22c8a027cb1b8') in 0.009534 seconds 
  Import took 0.012216 seconds .

========================================================================
Received Import Request.
  Time since last request: 0.000140 seconds.
  path: Assets/UnityTechnologies/StarterAsset/Art/Ruby/Environment/Decoration_7.png
  artifactKey: Guid(93019dd70154ed74393e312bc2aee511) Importer(815301076,1909f56bfc062723c751e8b465ee728b)
Start importing Assets/UnityTechnologies/StarterAsset/Art/Ruby/Environment/Decoration_7.png using Guid(93019dd70154ed74393e312bc2aee511) Importer(815301076,1909f56bfc062723c751e8b465ee728b)  -> (artifact id: '27aaa9c4c8069456c476b5b753c1ee7c') in 0.008321 seconds 
  Import took 0.010916 seconds .

========================================================================
Received Import Request.
  Time since last request: 0.000144 seconds.
  path: Assets/UnityTechnologies/StarterAsset/Art/Ruby/Environment/Decoration_6.png
  artifactKey: Guid(9892025011aa51a42afeba223ca1c7b6) Importer(815301076,1909f56bfc062723c751e8b465ee728b)
Start importing Assets/UnityTechnologies/StarterAsset/Art/Ruby/Environment/Decoration_6.png using Guid(9892025011aa51a42afeba223ca1c7b6) Importer(815301076,1909f56bfc062723c751e8b465ee728b)  -> (artifact id: 'a7ff5b479180b2b1234ebae4e8fe5001') in 0.009056 seconds 
  Import took 0.011783 seconds .

========================================================================
Received Import Request.
  Time since last request: 0.000145 seconds.
  path: Assets/UnityTechnologies/StarterAsset/Art/Ruby/Environment/Decoration_11.png
  artifactKey: Guid(c6a8b091b428e6c4ba924b58784af8f3) Importer(815301076,1909f56bfc062723c751e8b465ee728b)
Start importing Assets/UnityTechnologies/StarterAsset/Art/Ruby/Environment/Decoration_11.png using Guid(c6a8b091b428e6c4ba924b58784af8f3) Importer(815301076,1909f56bfc062723c751e8b465ee728b)  -> (artifact id: '0248c47f686df8db29d3a9db39b369ac') in 0.008293 seconds 
  Import took 0.011572 seconds .

========================================================================
Received Import Request.
  Time since last request: 0.000150 seconds.
  path: Assets/UnityTechnologies/StarterAsset/Art/Ruby/Environment/Decoration_9.png
  artifactKey: Guid(780a4b369acaddf4ca62a316439461dd) Importer(815301076,1909f56bfc062723c751e8b465ee728b)
Start importing Assets/UnityTechnologies/StarterAsset/Art/Ruby/Environment/Decoration_9.png using Guid(780a4b369acaddf4ca62a316439461dd) Importer(815301076,1909f56bfc062723c751e8b465ee728b)  -> (artifact id: 'c0f95776c8f8fd1918f744d369c426d6') in 0.011356 seconds 
  Import took 0.014897 seconds .

========================================================================
Received Import Request.
  Time since last request: 36.774150 seconds.
  path: Assets/UnityTechnologies/StarterAsset/Art/Ruby/PlayerCharacter.png
  artifactKey: Guid(8b57a1129cd09fc42b17481b164e9f32) Importer(815301076,1909f56bfc062723c751e8b465ee728b)
Start importing Assets/UnityTechnologies/StarterAsset/Art/Ruby/PlayerCharacter.png using Guid(8b57a1129cd09fc42b17481b164e9f32) Importer(815301076,1909f56bfc062723c751e8b465ee728b)  -> (artifact id: '1d3e619da66ce52d8038d35a6910e1b3') in 0.008504 seconds 
  Import took 0.011702 seconds .

========================================================================
Received Import Request.
  Time since last request: 21.309129 seconds.
  path: Assets/prefabs
  artifactKey: Guid(6175549214b364676a23afbe171f9c6f) Importer(815301076,1909f56bfc062723c751e8b465ee728b)
Start importing Assets/prefabs using Guid(6175549214b364676a23afbe171f9c6f) Importer(815301076,1909f56bfc062723c751e8b465ee728b)  -> (artifact id: '4e4e2eb962fbd21845b140a405380ff0') in 0.002029 seconds 
  Import took 0.004985 seconds .

========================================================================
Received Import Request.
  Time since last request: 3.402346 seconds.
  path: Assets/prefabs/DamageZone.prefab
  artifactKey: Guid(8d935977a106640f69a600ad7be8d5a2) Importer(815301076,1909f56bfc062723c751e8b465ee728b)
Start importing Assets/prefabs/DamageZone.prefab using Guid(8d935977a106640f69a600ad7be8d5a2) Importer(815301076,1909f56bfc062723c751e8b465ee728b)  -> (artifact id: '315a47883dce1d74c07d9453aeec2bb3') in 0.797448 seconds 
  Import took 0.804013 seconds .

========================================================================
Received Import Request.
  Time since last request: 9.495788 seconds.
  path: Assets/prefabs/DamageZone.prefab
  artifactKey: Guid(8d935977a106640f69a600ad7be8d5a2) Importer(815301076,1909f56bfc062723c751e8b465ee728b)
Start importing Assets/prefabs/DamageZone.prefab using Guid(8d935977a106640f69a600ad7be8d5a2) Importer(815301076,1909f56bfc062723c751e8b465ee728b)  -> (artifact id: 'c993fae45d3857c28b5d241f334d4bbe') in 0.008071 seconds 
  Import took 0.011283 seconds .

========================================================================
Received Import Request.
  Time since last request: 12.136401 seconds.
  path: Assets/prefabs/DamageZone.prefab
  artifactKey: Guid(8d935977a106640f69a600ad7be8d5a2) Importer(815301076,1909f56bfc062723c751e8b465ee728b)
Start importing Assets/prefabs/DamageZone.prefab using Guid(8d935977a106640f69a600ad7be8d5a2) Importer(815301076,1909f56bfc062723c751e8b465ee728b)  -> (artifact id: 'eef7d120a18f3d0d725b686191fccf85') in 0.009353 seconds 
  Import took 0.012765 seconds .

========================================================================
Received Import Request.
  Time since last request: 19.992528 seconds.
  path: Assets/UnityTechnologies/StarterAsset/Art/Ruby/Environment/DamageZone.png
  artifactKey: Guid(3ae37404d426cca4fa1c055cdeb711d9) Importer(815301076,1909f56bfc062723c751e8b465ee728b)
Start importing Assets/UnityTechnologies/StarterAsset/Art/Ruby/Environment/DamageZone.png using Guid(3ae37404d426cca4fa1c055cdeb711d9) Importer(815301076,1909f56bfc062723c751e8b465ee728b)  -> (artifact id: 'b18f24de8092e771c39fbaa64ea6d7da') in 0.011936 seconds 
  Import took 0.015196 seconds .

